<?xml version='1.0' encoding='UTF-8'?>
<testsuites name='PortalSwift_Tests.xctest' tests='4' failures='0'>
  <testsuite name='PortalSwift_Tests.Tests' tests='4' failures='0'>
    <testcase classname='PortalSwift_Tests.Tests' name='testAGenerate' time='26.574'/>
    <testcase classname='PortalSwift_Tests.Tests' name='testBSign' time='2.413'/>
    <testcase classname='PortalSwift_Tests.Tests' name='testCBackup' time='9.862'/>
    <testcase classname='PortalSwift_Tests.Tests' name='testRecover' time='14.635'/>
  </testsuite>
</testsuites>